\BOOKMARK [0][-]{chapter.1}{\376\377\0001\000\040\000M\000a\000i\000n\000\040\000P\000a\000g\000e}{}% 1
\BOOKMARK [0][-]{chapter.2}{\376\377\0002\000\040\000D\000a\000t\000a\000\040\000S\000t\000r\000u\000c\000t\000u\000r\000e\000\040\000I\000n\000d\000e\000x}{}% 2
\BOOKMARK [1][-]{section.2.1}{\376\377\0002\000.\0001\000\040\000D\000a\000t\000a\000\040\000S\000t\000r\000u\000c\000t\000u\000r\000e\000s}{chapter.2}% 3
\BOOKMARK [0][-]{chapter.3}{\376\377\0003\000\040\000F\000i\000l\000e\000\040\000I\000n\000d\000e\000x}{}% 4
\BOOKMARK [1][-]{section.3.1}{\376\377\0003\000.\0001\000\040\000F\000i\000l\000e\000\040\000L\000i\000s\000t}{chapter.3}% 5
\BOOKMARK [0][-]{chapter.4}{\376\377\0004\000\040\000D\000a\000t\000a\000\040\000S\000t\000r\000u\000c\000t\000u\000r\000e\000\040\000D\000o\000c\000u\000m\000e\000n\000t\000a\000t\000i\000o\000n}{}% 6
\BOOKMARK [1][-]{section.4.1}{\376\377\0004\000.\0001\000\040\000C\000o\000m\000p\000l\000e\000x\000\040\000S\000t\000r\000u\000c\000t\000\040\000R\000e\000f\000e\000r\000e\000n\000c\000e}{chapter.4}% 7
\BOOKMARK [2][-]{subsection.4.1.1}{\376\377\0004\000.\0001\000.\0001\000\040\000D\000e\000t\000a\000i\000l\000e\000d\000\040\000D\000e\000s\000c\000r\000i\000p\000t\000i\000o\000n}{section.4.1}% 8
\BOOKMARK [2][-]{subsection.4.1.2}{\376\377\0004\000.\0001\000.\0002\000\040\000F\000i\000e\000l\000d\000\040\000D\000o\000c\000u\000m\000e\000n\000t\000a\000t\000i\000o\000n}{section.4.1}% 9
\BOOKMARK [3][-]{subsubsection.4.1.2.1}{\376\377\0004\000.\0001\000.\0002\000.\0001\000\040\000i\000m\000a\000g}{subsection.4.1.2}% 10
\BOOKMARK [3][-]{subsubsection.4.1.2.2}{\376\377\0004\000.\0001\000.\0002\000.\0002\000\040\000r\000e\000a\000l}{subsection.4.1.2}% 11
\BOOKMARK [1][-]{section.4.2}{\376\377\0004\000.\0002\000\040\000M\000a\000t\000r\000i\000x\000\040\000S\000t\000r\000u\000c\000t\000\040\000R\000e\000f\000e\000r\000e\000n\000c\000e}{chapter.4}% 12
\BOOKMARK [2][-]{subsection.4.2.1}{\376\377\0004\000.\0002\000.\0001\000\040\000D\000e\000t\000a\000i\000l\000e\000d\000\040\000D\000e\000s\000c\000r\000i\000p\000t\000i\000o\000n}{section.4.2}% 13
\BOOKMARK [2][-]{subsection.4.2.2}{\376\377\0004\000.\0002\000.\0002\000\040\000F\000i\000e\000l\000d\000\040\000D\000o\000c\000u\000m\000e\000n\000t\000a\000t\000i\000o\000n}{section.4.2}% 14
\BOOKMARK [3][-]{subsubsection.4.2.2.1}{\376\377\0004\000.\0002\000.\0002\000.\0001\000\040\000n\000\137\000c\000o\000l\000u\000m\000n\000s}{subsection.4.2.2}% 15
\BOOKMARK [3][-]{subsubsection.4.2.2.2}{\376\377\0004\000.\0002\000.\0002\000.\0002\000\040\000n\000\137\000r\000o\000w\000s}{subsection.4.2.2}% 16
\BOOKMARK [3][-]{subsubsection.4.2.2.3}{\376\377\0004\000.\0002\000.\0002\000.\0003\000\040\000v\000a\000l\000u\000e\000s}{subsection.4.2.2}% 17
\BOOKMARK [0][-]{chapter.5}{\376\377\0005\000\040\000F\000i\000l\000e\000\040\000D\000o\000c\000u\000m\000e\000n\000t\000a\000t\000i\000o\000n}{}% 18
\BOOKMARK [1][-]{section.5.1}{\376\377\0005\000.\0001\000\040\000c\000a\000l\000c\000u\000l\000a\000t\000o\000r\000.\000c\000\040\000F\000i\000l\000e\000\040\000R\000e\000f\000e\000r\000e\000n\000c\000e}{chapter.5}% 19
\BOOKMARK [2][-]{subsection.5.1.1}{\376\377\0005\000.\0001\000.\0001\000\040\000D\000e\000t\000a\000i\000l\000e\000d\000\040\000D\000e\000s\000c\000r\000i\000p\000t\000i\000o\000n}{section.5.1}% 20
\BOOKMARK [1][-]{section.5.2}{\376\377\0005\000.\0002\000\040\000m\000a\000t\000h\000\137\000l\000i\000b\000r\000a\000r\000y\000.\000c\000\040\000F\000i\000l\000e\000\040\000R\000e\000f\000e\000r\000e\000n\000c\000e}{chapter.5}% 21
\BOOKMARK [2][-]{subsection.5.2.1}{\376\377\0005\000.\0002\000.\0001\000\040\000D\000e\000t\000a\000i\000l\000e\000d\000\040\000D\000e\000s\000c\000r\000i\000p\000t\000i\000o\000n}{section.5.2}% 22
\BOOKMARK [2][-]{subsection.5.2.2}{\376\377\0005\000.\0002\000.\0002\000\040\000F\000u\000n\000c\000t\000i\000o\000n\000\040\000D\000o\000c\000u\000m\000e\000n\000t\000a\000t\000i\000o\000n}{section.5.2}% 23
\BOOKMARK [3][-]{subsubsection.5.2.2.1}{\376\377\0005\000.\0002\000.\0002\000.\0001\000\040\000a\000d\000d\000\137\000m\000a\000t\000r\000i\000c\000e\000s\000\050\000\051}{subsection.5.2.2}% 24
\BOOKMARK [3][-]{subsubsection.5.2.2.2}{\376\377\0005\000.\0002\000.\0002\000.\0002\000\040\000c\000r\000e\000a\000t\000e\000\137\000m\000a\000t\000r\000i\000x\000\050\000\051}{subsection.5.2.2}% 25
\BOOKMARK [3][-]{subsubsection.5.2.2.3}{\376\377\0005\000.\0002\000.\0002\000.\0003\000\040\000f\000a\000c\000t\000o\000r\000i\000a\000l\000\050\000\051}{subsection.5.2.2}% 26
\BOOKMARK [3][-]{subsubsection.5.2.2.4}{\376\377\0005\000.\0002\000.\0002\000.\0004\000\040\000m\000u\000l\000t\000i\000p\000l\000y\000\137\000m\000a\000t\000r\000i\000c\000e\000s\000\050\000\051}{subsection.5.2.2}% 27
\BOOKMARK [3][-]{subsubsection.5.2.2.5}{\376\377\0005\000.\0002\000.\0002\000.\0005\000\040\000p\000o\000l\000y\000\137\000d\000i\000s\000c\000r\000i\000m\000i\000n\000a\000n\000t\000\050\000\051}{subsection.5.2.2}% 28
\BOOKMARK [3][-]{subsubsection.5.2.2.6}{\376\377\0005\000.\0002\000.\0002\000.\0006\000\040\000p\000r\000i\000n\000t\000\137\000m\000a\000t\000r\000i\000x\000\050\000\051}{subsection.5.2.2}% 29
\BOOKMARK [3][-]{subsubsection.5.2.2.7}{\376\377\0005\000.\0002\000.\0002\000.\0007\000\040\000r\000e\000a\000d\000\137\000m\000a\000t\000r\000i\000x\000\050\000\051}{subsection.5.2.2}% 30
\BOOKMARK [3][-]{subsubsection.5.2.2.8}{\376\377\0005\000.\0002\000.\0002\000.\0008\000\040\000t\000r\000a\000n\000s\000p\000o\000s\000e\000\137\000m\000a\000t\000r\000i\000x\000\050\000\051}{subsection.5.2.2}% 31
\BOOKMARK [1][-]{section.5.3}{\376\377\0005\000.\0003\000\040\000m\000a\000t\000h\000\137\000l\000i\000b\000r\000a\000r\000y\000.\000h\000\040\000F\000i\000l\000e\000\040\000R\000e\000f\000e\000r\000e\000n\000c\000e}{chapter.5}% 32
\BOOKMARK [2][-]{subsection.5.3.1}{\376\377\0005\000.\0003\000.\0001\000\040\000D\000e\000t\000a\000i\000l\000e\000d\000\040\000D\000e\000s\000c\000r\000i\000p\000t\000i\000o\000n}{section.5.3}% 33
\BOOKMARK [2][-]{subsection.5.3.2}{\376\377\0005\000.\0003\000.\0002\000\040\000F\000u\000n\000c\000t\000i\000o\000n\000\040\000D\000o\000c\000u\000m\000e\000n\000t\000a\000t\000i\000o\000n}{section.5.3}% 34
\BOOKMARK [3][-]{subsubsection.5.3.2.1}{\376\377\0005\000.\0003\000.\0002\000.\0001\000\040\000a\000d\000d\000\137\000m\000a\000t\000r\000i\000c\000e\000s\000\050\000\051}{subsection.5.3.2}% 35
\BOOKMARK [3][-]{subsubsection.5.3.2.2}{\376\377\0005\000.\0003\000.\0002\000.\0002\000\040\000c\000r\000e\000a\000t\000e\000\137\000m\000a\000t\000r\000i\000x\000\050\000\051}{subsection.5.3.2}% 36
\BOOKMARK [3][-]{subsubsection.5.3.2.3}{\376\377\0005\000.\0003\000.\0002\000.\0003\000\040\000f\000a\000c\000t\000o\000r\000i\000a\000l\000\050\000\051}{subsection.5.3.2}% 37
\BOOKMARK [3][-]{subsubsection.5.3.2.4}{\376\377\0005\000.\0003\000.\0002\000.\0004\000\040\000m\000u\000l\000t\000i\000p\000l\000y\000\137\000m\000a\000t\000r\000i\000c\000e\000s\000\050\000\051}{subsection.5.3.2}% 38
\BOOKMARK [3][-]{subsubsection.5.3.2.5}{\376\377\0005\000.\0003\000.\0002\000.\0005\000\040\000p\000o\000l\000y\000\137\000d\000i\000s\000c\000r\000i\000m\000i\000n\000a\000n\000t\000\050\000\051}{subsection.5.3.2}% 39
\BOOKMARK [3][-]{subsubsection.5.3.2.6}{\376\377\0005\000.\0003\000.\0002\000.\0006\000\040\000p\000r\000i\000n\000t\000\137\000m\000a\000t\000r\000i\000x\000\050\000\051}{subsection.5.3.2}% 40
\BOOKMARK [3][-]{subsubsection.5.3.2.7}{\376\377\0005\000.\0003\000.\0002\000.\0007\000\040\000r\000e\000a\000d\000\137\000m\000a\000t\000r\000i\000x\000\050\000\051}{subsection.5.3.2}% 41
\BOOKMARK [3][-]{subsubsection.5.3.2.8}{\376\377\0005\000.\0003\000.\0002\000.\0008\000\040\000s\000i\000n\000e\000\050\000\051}{subsection.5.3.2}% 42
\BOOKMARK [3][-]{subsubsection.5.3.2.9}{\376\377\0005\000.\0003\000.\0002\000.\0009\000\040\000t\000r\000a\000n\000s\000p\000o\000s\000e\000\137\000m\000a\000t\000r\000i\000x\000\050\000\051}{subsection.5.3.2}% 43
